<?xml version="1.0" encoding="UTF-8"?>
<testsuite name="GlobalTests" tests="1" skipped="0" failures="0" errors="0" timestamp="2024-12-02T18:17:10" hostname="M-NCDP2JJ7C9" time="25.244">
  <properties/>
  <testcase name="start" classname="GlobalTests" time="25.244"/>
  <system-out><![CDATA[?[1;31m
Start test 1?[0m
Welcome to the traffic management system!
Input the number of roads: > 5
Input the interval: > 3
Menu:
1. Add road
2. Delete road
3. Open system
0. Quit
> 0
Bye!
?[1;31m
Start test 2?[0m
?[1;31m
Start test 3?[0m
?[1;31m
Start test 4?[0m
?[1;31m
Start test 5?[0m
Welcome to the traffic management system!
Input the number of roads: > asd
Incorrect input. Try again: Input the number of roads: > -1
Incorrect input. Try again: Input the number of roads: > 6-
Incorrect input. Try again: Input the number of roads: > 0
Incorrect input. Try again: Input the number of roads: > Hello world!
Incorrect input. Try again: Input the number of roads: > 5
Input the interval: > asd
Incorrect input. Try again: Input the interval: Incorrect input. Try again: Input the interval: > -1
Incorrect input. Try again: Input the interval: > 6-
Incorrect input. Try again: Input the interval: > 0
Incorrect input. Try again: Input the interval: > Hello world!
Incorrect input. Try again: Input the interval: > 5
Menu:
1. Add road
2. Delete road
3. Open system
0. Quit
> 0
Bye!
?[1;31m
Start test 6?[0m
Welcome to the traffic management system!
Input the number of roads: > 5
Input the interval: > 3
Menu:
1. Add road
2. Delete road
3. Open system
0. Quit
> asd
incorrect option
> 
Menu:
1. Add road
2. Delete road
3. Open system
0. Quit
> -1
incorrect option
> 
Menu:
1. Add road
2. Delete road
3. Open system
0. Quit
> 6-
incorrect option
> 
Menu:
1. Add road
2. Delete road
3. Open system
0. Quit
> Hello world!
incorrect option
> 
Menu:
1. Add road
2. Delete road
3. Open system
0. Quit
> 4
incorrect option
> 
Menu:
1. Add road
2. Delete road
3. Open system
0. Quit
> 5
incorrect option
> 
Menu:
1. Add road
2. Delete road
3. Open system
0. Quit
> 0
Bye!
?[1;31m
Start test 7?[0m
Welcome to the traffic management system!
Input the number of roads: > 1
Input the interval: > 1
Menu:
1. Add road
2. Delete road
3. Open system
0. Quit
> 3
! 1s. have passed since system startup !
! Number of roads: 1 !
! Interval: 1 !
! Press "Enter" to open menu !
! 2s. have passed since system startup !
! Number of roads: 1 !
! Interval: 1 !
! Press "Enter" to open menu !
! 3s. have passed since system startup !
! Number of roads: 1 !
! Interval: 1 !
! Press "Enter" to open menu !
! 4s. have passed since system startup !
! Number of roads: 1 !
! Interval: 1 !
! Press "Enter" to open menu !
> 
Menu:
1. Add road
2. Delete road
3. Open system
0. Quit
> 3
! 5s. have passed since system startup !
! Number of roads: 1 !
! Interval: 1 !
! Press "Enter" to open menu !
> 
Menu:
1. Add road
2. Delete road
3. Open system
0. Quit
> 0
Bye!
?[1;31m
Start test 8?[0m
Welcome to the traffic management system!
Input the number of roads: > 24367587
Input the interval: > 24367587
Menu:
1. Add road
2. Delete road
3. Open system
0. Quit
> 3
! 1s. have passed since system startup !
! Number of roads: 24367587 !
! Interval: 24367587 !
! Press "Enter" to open menu !
! 2s. have passed since system startup !
! Number of roads: 24367587 !
! Interval: 24367587 !
! Press "Enter" to open menu !
! 3s. have passed since system startup !
! Number of roads: 24367587 !
! Interval: 24367587 !
! Press "Enter" to open menu !
! 4s. have passed since system startup !
! Number of roads: 24367587 !
! Interval: 24367587 !
! Press "Enter" to open menu !
> 
Menu:
1. Add road
2. Delete road
3. Open system
0. Quit
> 3
! 5s. have passed since system startup !
! Number of roads: 24367587 !
! Interval: 24367587 !
! Press "Enter" to open menu !
> 
Menu:
1. Add road
2. Delete road
3. Open system
0. Quit
> 0
Bye!
?[1;31m
Start test 9?[0m
Welcome to the traffic management system!
Input the number of roads: > 1
Input the interval: > 1
Menu:
1. Add road
2. Delete road
3. Open system
0. Quit
> 2
queue is empty
> 
Menu:
1. Add road
2. Delete road
3. Open system
0. Quit
> 1
input: 
> n3w_v3ry_unu5u4l_r04d_n4m3_1
add n3w_v3ry_unu5u4l_r04d_n4m3_1
> 
Menu:
1. Add road
2. Delete road
3. Open system
0. Quit
> 1
input: 
> n3w_v3ry_unu5u4l_r04d_n4m3_2
queue is full
> 
Menu:
1. Add road
2. Delete road
3. Open system
0. Quit
> 2
delete n3w_v3ry_unu5u4l_r04d_n4m3_1
> 
Menu:
1. Add road
2. Delete road
3. Open system
0. Quit
> 1
input: 
> n3w_v3ry_unu5u4l_r04d_n4m3_4
add n3w_v3ry_unu5u4l_r04d_n4m3_4
> 
Menu:
1. Add road
2. Delete road
3. Open system
0. Quit
> 0
Bye!
?[1;31m
Start test 10?[0m
Welcome to the traffic management system!
Input the number of roads: > 2
Input the interval: > 2
Menu:
1. Add road
2. Delete road
3. Open system
0. Quit
> 2
queue is empty
> 
Menu:
1. Add road
2. Delete road
3. Open system
0. Quit
> 1
input: 
> n3w_v3ry_unu5u4l_r04d_n4m3_1
add n3w_v3ry_unu5u4l_r04d_n4m3_1
> 
Menu:
1. Add road
2. Delete road
3. Open system
0. Quit
> 1
input: 
> n3w_v3ry_unu5u4l_r04d_n4m3_2
add n3w_v3ry_unu5u4l_r04d_n4m3_2
> 
Menu:
1. Add road
2. Delete road
3. Open system
0. Quit
> 1
input: 
> n3w_v3ry_unu5u4l_r04d_n4m3_3
queue is full
> 
Menu:
1. Add road
2. Delete road
3. Open system
0. Quit
> 2
delete n3w_v3ry_unu5u4l_r04d_n4m3_1
> 
Menu:
1. Add road
2. Delete road
3. Open system
0. Quit
> 2
delete n3w_v3ry_unu5u4l_r04d_n4m3_2
> 
Menu:
1. Add road
2. Delete road
3. Open system
0. Quit
> 2
queue is empty
> 
Menu:
1. Add road
2. Delete road
3. Open system
0. Quit
> 1
input: 
> n3w_v3ry_unu5u4l_r04d_n4m3_7
add n3w_v3ry_unu5u4l_r04d_n4m3_7
> 
Menu:
1. Add road
2. Delete road
3. Open system
0. Quit
> 0
Bye!
?[1;31m
Start test 11?[0m
Welcome to the traffic management system!
Input the number of roads: > 1
Input the interval: > 1
Menu:
1. Add road
2. Delete road
3. Open system
0. Quit
> 2
queue is empty
> 
Menu:
1. Add road
2. Delete road
3. Open system
0. Quit
> 3
! 1s. have passed since system startup !
! Number of roads: 1 !
! Interval: 1 !
! Press "Enter" to open menu !
> 
Menu:
1. Add road
2. Delete road
3. Open system
0. Quit
> 1
input: 
> n3w_v3ry_unu5u4l_r04d_n4m3_1
add n3w_v3ry_unu5u4l_r04d_n4m3_1
> 
Menu:
1. Add road
2. Delete road
3. Open system
0. Quit
> 3
! 2s. have passed since system startup !
! Number of roads: 1 !
! Interval: 1 !
! n3w_v3ry_unu5u4l_r04d_n4m3_1 !
! Press "Enter" to open menu !
> 
Menu:
1. Add road
2. Delete road
3. Open system
0. Quit
> 1
input: 
> n3w_v3ry_unu5u4l_r04d_n4m3_2
queue is full
> 
Menu:
1. Add road
2. Delete road
3. Open system
0. Quit
> 3
! 3s. have passed since system startup !
! Number of roads: 1 !
! Interval: 1 !
! n3w_v3ry_unu5u4l_r04d_n4m3_1 !
! Press "Enter" to open menu !
> 
Menu:
1. Add road
2. Delete road
3. Open system
0. Quit
> 2
delete n3w_v3ry_unu5u4l_r04d_n4m3_1
> 
Menu:
1. Add road
2. Delete road
3. Open system
0. Quit
> 3
! 4s. have passed since system startup !
! Number of roads: 1 !
! Interval: 1 !
! Press "Enter" to open menu !
> 
Menu:
1. Add road
2. Delete road
3. Open system
0. Quit
> 1
input: 
> n3w_v3ry_unu5u4l_r04d_n4m3_4
add n3w_v3ry_unu5u4l_r04d_n4m3_4
> 
Menu:
1. Add road
2. Delete road
3. Open system
0. Quit
> 3
! 5s. have passed since system startup !
! Number of roads: 1 !
! Interval: 1 !
! n3w_v3ry_unu5u4l_r04d_n4m3_4 !
! Press "Enter" to open menu !
> 
Menu:
1. Add road
2. Delete road
3. Open system
0. Quit
> 0
Bye!
?[1;31m
Start test 12?[0m
Welcome to the traffic management system!
Input the number of roads: > 2
Input the interval: > 2
Menu:
1. Add road
2. Delete road
3. Open system
0. Quit
> 2
queue is empty
> 
Menu:
1. Add road
2. Delete road
3. Open system
0. Quit
> 3
! 1s. have passed since system startup !
! Number of roads: 2 !
! Interval: 2 !
! Press "Enter" to open menu !
> 
Menu:
1. Add road
2. Delete road
3. Open system
0. Quit
> 1
input: 
> n3w_v3ry_unu5u4l_r04d_n4m3_1
add n3w_v3ry_unu5u4l_r04d_n4m3_1
> 
Menu:
1. Add road
2. Delete road
3. Open system
0. Quit
> 3
! 2s. have passed since system startup !
! Number of roads: 2 !
! Interval: 2 !
! n3w_v3ry_unu5u4l_r04d_n4m3_1 !
! Press "Enter" to open menu !
> 
Menu:
1. Add road
2. Delete road
3. Open system
0. Quit
> 1
input: 
> n3w_v3ry_unu5u4l_r04d_n4m3_2
add n3w_v3ry_unu5u4l_r04d_n4m3_2
> 
Menu:
1. Add road
2. Delete road
3. Open system
0. Quit
> 3
! 3s. have passed since system startup !
! Number of roads: 2 !
! Interval: 2 !
! n3w_v3ry_unu5u4l_r04d_n4m3_1 !
! n3w_v3ry_unu5u4l_r04d_n4m3_2 !
! Press "Enter" to open menu !
> 
Menu:
1. Add road
2. Delete road
3. Open system
0. Quit
> 1
input: 
> n3w_v3ry_unu5u4l_r04d_n4m3_3
queue is full
> 
Menu:
1. Add road
2. Delete road
3. Open system
0. Quit
> 3
! 4s. have passed since system startup !
! Number of roads: 2 !
! Interval: 2 !
! n3w_v3ry_unu5u4l_r04d_n4m3_1 !
! n3w_v3ry_unu5u4l_r04d_n4m3_2 !
! Press "Enter" to open menu !
> 
Menu:
1. Add road
2. Delete road
3. Open system
0. Quit
> 2
delete n3w_v3ry_unu5u4l_r04d_n4m3_1
> 
Menu:
1. Add road
2. Delete road
3. Open system
0. Quit
> 3
! 5s. have passed since system startup !
! Number of roads: 2 !
! Interval: 2 !
! n3w_v3ry_unu5u4l_r04d_n4m3_2 !
! Press "Enter" to open menu !
> 
Menu:
1. Add road
2. Delete road
3. Open system
0. Quit
> 2
delete n3w_v3ry_unu5u4l_r04d_n4m3_2
> 
Menu:
1. Add road
2. Delete road
3. Open system
0. Quit
> 3
! 6s. have passed since system startup !
! Number of roads: 2 !
! Interval: 2 !
! Press "Enter" to open menu !
> 
Menu:
1. Add road
2. Delete road
3. Open system
0. Quit
> 2
queue is empty
> 
Menu:
1. Add road
2. Delete road
3. Open system
0. Quit
> 3
! 7s. have passed since system startup !
! Number of roads: 2 !
! Interval: 2 !
! Press "Enter" to open menu !
> 
Menu:
1. Add road
2. Delete road
3. Open system
0. Quit
> 1
input: 
> n3w_v3ry_unu5u4l_r04d_n4m3_7
add n3w_v3ry_unu5u4l_r04d_n4m3_7
> 
Menu:
1. Add road
2. Delete road
3. Open system
0. Quit
> 3
! 8s. have passed since system startup !
! Number of roads: 2 !
! Interval: 2 !
! n3w_v3ry_unu5u4l_r04d_n4m3_7 !
! Press "Enter" to open menu !
> 
Menu:
1. Add road
2. Delete road
3. Open system
0. Quit
> 0
Bye!
?[1;31m
Start test 13?[0m
?[1;31m
Start test 14?[0m
?[1;31m
Start test 15?[0m
?[1;31m
Start test 16?[0m
?[1;31m
Start test 17?[0m
?[1;31m
Start test 18?[0m
]]></system-out>
  <system-err><![CDATA[]]></system-err>
</testsuite>
